24 May 20:48:48 CONFIG [geoserver.logging] - Log4j 2 configuration set to DEFAULT_LOGGING.xml
24 May 20:48:51 CONFIG [org.geoserver] - GeoServer configuration lock is enabled
24 May 20:48:51 CONFIG [org.geoserver] - Loading catalog /var/local/geoserver
24 May 20:48:52 CONFIG [org.geoserver] - Loaded style 'burg'
24 May 20:48:52 CONFIG [org.geoserver] - Loaded style 'giant_polygon'
24 May 20:48:52 CONFIG [org.geoserver] - Loaded style 'dem'
24 May 20:48:52 CONFIG [org.geoserver] - Loaded style 'simple_roads'
24 May 20:48:52 CONFIG [org.geoserver] - Loaded style 'grass'
24 May 20:48:52 CONFIG [org.geoserver] - Loaded style 'poly_landmarks'
24 May 20:48:52 CONFIG [org.geoserver] - Loaded style 'capitals'
24 May 20:48:52 CONFIG [org.geoserver] - Loaded style 'raster'
24 May 20:48:52 CONFIG [org.geoserver] - Loaded style 'cite_lakes'
24 May 20:48:52 CONFIG [org.geoserver] - Loaded style 'pophatch'
24 May 20:48:52 CONFIG [org.geoserver] - Loaded style 'line'
24 May 20:48:52 CONFIG [org.geoserver] - Loaded style 'restricted'
24 May 20:48:52 CONFIG [org.geoserver] - Loaded style 'tiger_roads'
24 May 20:48:52 CONFIG [org.geoserver] - Loaded style 'simple_streams'
24 May 20:48:52 CONFIG [org.geoserver] - Loaded style 'poi'
24 May 20:48:52 CONFIG [org.geoserver] - Loaded style 'rain'
24 May 20:48:52 CONFIG [org.geoserver] - Loaded style 'polygon'
24 May 20:48:52 CONFIG [org.geoserver] - Loaded style 'green'
24 May 20:48:52 CONFIG [org.geoserver] - Loaded style 'generic'
24 May 20:48:52 CONFIG [org.geoserver] - Loaded style 'population'
24 May 20:48:52 CONFIG [org.geoserver] - Loaded style 'point'
24 May 20:48:52 CONFIG [org.geoserver] - Loaded default workspace 'ne'
24 May 20:48:52 CONFIG [org.geoserver] - Loaded workspace 'nurc'
24 May 20:48:52 CONFIG [org.geoserver] - Loaded workspace 'tiger'
24 May 20:48:52 CONFIG [org.geoserver] - Loaded workspace 'topp'
24 May 20:48:52 CONFIG [org.geoserver] - Loaded workspace 'cite'
24 May 20:48:52 CONFIG [org.geoserver] - Loaded workspace 'ne'
24 May 20:48:52 CONFIG [org.geoserver] - Loaded style 'boundary_lines'
24 May 20:48:52 CONFIG [org.geoserver] - Loaded style 'disputed'
24 May 20:48:52 CONFIG [org.geoserver] - Loaded style 'populated_places'
24 May 20:48:52 CONFIG [org.geoserver] - Loaded style 'countries'
24 May 20:48:52 CONFIG [org.geoserver] - Loaded style 'coastline'
24 May 20:48:52 CONFIG [org.geoserver] - Loaded style 'countries_mapcolor9'
24 May 20:48:52 CONFIG [org.geoserver] - Loaded workspace 'it.geosolutions'
24 May 20:48:52 CONFIG [org.geoserver] - Loaded workspace 'sf'
24 May 20:48:52 CONFIG [org.geoserver] - Loaded workspace 'sde'
24 May 20:48:52 CONFIG [org.geoserver] - Loaded coverage store 'worldImageSample', enabled
24 May 20:48:54 CONFIG [org.geoserver] - Loaded coverage 'Img_Sample', enabled
24 May 20:48:54 CONFIG [org.geoserver] - Loaded layer 'Img_Sample'
24 May 20:48:54 CONFIG [org.geoserver] - Loaded coverage store 'arcGridSample', enabled
24 May 20:48:54 CONFIG [org.geoserver] - Loaded coverage 'Arc_Sample', enabled
24 May 20:48:54 CONFIG [org.geoserver] - Loaded layer 'Arc_Sample'
24 May 20:48:54 CONFIG [org.geoserver] - Loaded coverage store 'img_sample2', enabled
24 May 20:48:54 CONFIG [org.geoserver] - Loaded coverage 'Pk50095', enabled
24 May 20:48:54 CONFIG [org.geoserver] - Loaded layer 'Pk50095'
24 May 20:48:54 CONFIG [org.geoserver] - Loaded coverage store 'mosaic', enabled
24 May 20:48:54 CONFIG [org.geoserver] - Loaded coverage 'mosaic', enabled
24 May 20:48:54 CONFIG [org.geoserver] - Loaded layer 'mosaic'
24 May 20:48:55 CONFIG [org.geoserver] - Loaded data store 'nyc', enabled
24 May 20:48:55 CONFIG [org.geoserver] - Loaded feature type 'poly_landmarks', enabled
24 May 20:48:55 CONFIG [org.geoserver] - Loaded layer 'poly_landmarks'
24 May 20:48:55 CONFIG [org.geoserver] - Loaded feature type 'tiger_roads', enabled
24 May 20:48:55 CONFIG [org.geoserver] - Loaded layer 'tiger_roads'
24 May 20:48:55 CONFIG [org.geoserver] - Loaded feature type 'giant_polygon', enabled
24 May 20:48:55 CONFIG [org.geoserver] - Loaded layer 'giant_polygon'
24 May 20:48:55 CONFIG [org.geoserver] - Loaded feature type 'poi', enabled
24 May 20:48:55 CONFIG [org.geoserver] - Loaded layer 'poi'
24 May 20:48:55 CONFIG [org.geoserver] - Loaded data store 'taz_shapes', enabled
24 May 20:48:55 CONFIG [org.geoserver] - Loaded feature type 'tasmania_water_bodies', enabled
24 May 20:48:55 CONFIG [org.geoserver] - Loaded layer 'tasmania_water_bodies'
24 May 20:48:55 CONFIG [org.geoserver] - Loaded feature type 'tasmania_state_boundaries', enabled
24 May 20:48:55 CONFIG [org.geoserver] - Loaded layer 'tasmania_state_boundaries'
24 May 20:48:55 CONFIG [org.geoserver] - Loaded feature type 'tasmania_roads', enabled
24 May 20:48:55 CONFIG [org.geoserver] - Loaded layer 'tasmania_roads'
24 May 20:48:55 CONFIG [org.geoserver] - Loaded feature type 'tasmania_cities', enabled
24 May 20:48:55 CONFIG [org.geoserver] - Loaded layer 'tasmania_cities'
24 May 20:48:55 CONFIG [org.geoserver] - Loaded data store 'states_shapefile', enabled
24 May 20:48:55 CONFIG [org.geoserver] - Loaded feature type 'states', enabled
24 May 20:48:55 CONFIG [org.geoserver] - Loaded layer 'states'
24 May 20:48:55 CONFIG [org.geoserver] - Loaded data store 'NaturalEarth', enabled
24 May 20:48:55 CONFIG [org.geoserver] - Loaded feature type 'boundary_lines', enabled
24 May 20:48:55 CONFIG [org.geoserver] - Loaded layer 'boundary_lines'
24 May 20:48:55 CONFIG [org.geoserver] - Loaded feature type 'populated_places', enabled
24 May 20:48:55 CONFIG [org.geoserver] - Loaded layer 'populated_places'
24 May 20:48:55 CONFIG [org.geoserver] - Loaded feature type 'coastlines', enabled
24 May 20:48:55 CONFIG [org.geoserver] - Loaded layer 'coastlines'
24 May 20:48:55 CONFIG [org.geoserver] - Loaded feature type 'countries', enabled
24 May 20:48:55 CONFIG [org.geoserver] - Loaded layer 'countries'
24 May 20:48:55 CONFIG [org.geoserver] - Loaded feature type 'disputed_areas', enabled
24 May 20:48:55 CONFIG [org.geoserver] - Loaded layer 'disputed_areas'
24 May 20:48:55 CONFIG [org.geoserver] - Loaded layer group 'world'
24 May 20:48:55 CONFIG [org.geoserver] - Loaded coverage store 'sfdem', enabled
24 May 20:48:55 CONFIG [org.geoserver] - Loaded coverage 'sfdem', enabled
24 May 20:48:55 CONFIG [org.geoserver] - Loaded layer 'sfdem'
24 May 20:48:55 CONFIG [org.geoserver] - Loaded data store 'sf', enabled
24 May 20:48:55 CONFIG [org.geoserver] - Loaded feature type 'archsites', enabled
24 May 20:48:55 CONFIG [org.geoserver] - Loaded layer 'archsites'
24 May 20:48:55 CONFIG [org.geoserver] - Loaded feature type 'roads', enabled
24 May 20:48:55 CONFIG [org.geoserver] - Loaded layer 'roads'
24 May 20:48:55 CONFIG [org.geoserver] - Loaded feature type 'restricted', enabled
24 May 20:48:55 CONFIG [org.geoserver] - Loaded layer 'restricted'
24 May 20:48:55 CONFIG [org.geoserver] - Loaded feature type 'streams', enabled
24 May 20:48:55 CONFIG [org.geoserver] - Loaded layer 'streams'
24 May 20:48:55 CONFIG [org.geoserver] - Loaded feature type 'bugsites', enabled
24 May 20:48:55 CONFIG [org.geoserver] - Loaded layer 'bugsites'
24 May 20:48:55 CONFIG [org.geoserver] - Loaded layer group 'tiger-ny'
24 May 20:48:55 CONFIG [org.geoserver] - Loaded layer group 'tasmania'
24 May 20:48:55 CONFIG [org.geoserver] - Loaded layer group 'spearfish'
24 May 20:48:55 CONFIG [org.geoserver] - Read catalog in 3.346 s
24 May 20:48:55 CONFIG [org.geoserver] - Loaded service 'wcs', enabled
24 May 20:48:55 CONFIG [org.geoserver] - Loaded service 'wms', enabled
24 May 20:48:55 CONFIG [org.geoserver] - Loaded service 'WMTSInfoImpl--3ef31051:182c1e8b194:-8000', enabled
24 May 20:48:55 CONFIG [org.geoserver] - Loaded service 'wfs', enabled
24 May 20:48:55 CONFIG [org.geoserver] - Loaded service 'WCSInfoImpl-1c443fee:182c0f3f209:-7f96', enabled
24 May 20:48:55 CONFIG [org.geoserver] - Loaded service 'WMSInfoImpl-1c443fee:182c0f3f209:-7f99', enabled
24 May 20:48:55 CONFIG [org.geoserver] - Loaded service 'WMTSInfoImpl-1c443fee:182c0f3f209:-7f98', enabled
24 May 20:48:55 CONFIG [org.geoserver] - Loaded service 'WFSInfoImpl-1c443fee:182c0f3f209:-7f97', enabled
24 May 20:48:55 CONFIG [gwc.config] - Will look for 'geowebcache.xml' in directory '/var/local/geoserver/gwc'.
24 May 20:48:55 CONFIG [gwc.config] - Create configuration file 'gwc/geowebcache.xml' from template jar:file:/usr/local/tomcat/webapps/geoserver/WEB-INF/lib/gwc-core-1.26.2.jar!/geowebcache_empty.xml
24 May 20:48:55 WARN   [config.XMLConfiguration] - GWC configuration validation error: cvc-elt.1.a: Cannot find the declaration of element 'gwcConfiguration'.
24 May 20:48:55 WARN   [config.XMLConfiguration] - Will try to use configuration anyway. Please check the order of declared elements against the schema.
24 May 20:48:55 CONFIG [config.XMLConfiguration] - Initializing GridSets from gwc
24 May 20:48:55 CONFIG [config.XMLConfiguration] - Initializing layers from gwc
24 May 20:48:55 CONFIG [gwc.layer] - Initializing GWC configuration based on GeoServer's Catalog
24 May 20:48:55 CONFIG [gwc.layer] - GeoServer TileLayer store base directory is: gwc-layers
24 May 20:48:55 CONFIG [gwc.layer] - Loading tile layers from gwc-layers
24 May 20:48:55 CONFIG [gwc.layer] - Loaded 0 tile layers in 4.244 ms
24 May 20:48:55 CONFIG [storage.BlobStoreAggregator] - BlobStoreConfiguration gwc contained no blob store infos.
24 May 20:48:56 CONFIG [storage.DefaultStorageFinder] - Found system environment variableGEOSERVER_DATA_DIR set to /var/local/geoserver, using it as the default prefix.
24 May 20:48:56 CONFIG [gwc.config] - Initializing GeoServer specific GWC configuration from gwc-gs.xml
24 May 20:48:58 CONFIG [geoserver.security] - AuthenticationCache Initialized with 1000 Max Entries, 300 seconds idle time, 600 seconds time to live and 3 concurrency level
24 May 20:48:58 CONFIG [geoserver.security] - AuthenticationCache Eviction Task created to run every 600 seconds
24 May 20:48:59 CONFIG [gwc.config] - Will look for 'geowebcache-diskquota.xml' in directory '/var/local/geoserver/gwc'.
24 May 20:48:59 CONFIG [gwc.config] - Will look for 'geowebcache-diskquota-jdbc.xml' in directory '/var/local/geoserver/gwc'.
24 May 20:48:59 CONFIG [diskquota.ConfigLoader] - DiskQuota configuration is not readable: gwc/geowebcache-diskquota.xml
24 May 20:48:59 CONFIG [diskquota.ConfigLoader] - DiskQuota configuration is not readable: gwc/geowebcache-diskquota.xml
24 May 20:49:00 CONFIG [platform.resource] - Notifying ENTRY_CREATE change on /var/local/geoserver/gwc-layers. Created: 28, removed: 0, modified: 0
24 May 20:49:01 CONFIG [geowebcache.GeoWebCacheDispatcher] - Invoked setServletPrefix(gwc)
24 May 20:49:01 CONFIG [wms.WMSService] - Will NOT recombine tiles for non-tiling clients.
24 May 20:49:01 CONFIG [wms.WMSService] - Will proxy requests to backend that are not getmap or getcapabilities.
24 May 20:49:02 CONFIG [diskquota.ConfigLoader] - DiskQuota configuration is not readable: gwc/geowebcache-diskquota.xml
24 May 20:49:02 CONFIG [diskquota.DiskQuotaMonitor] - Setting up disk quota periodic enforcement task
24 May 20:49:02 CONFIG [diskquota.DiskQuotaMonitor] - 0 layers configured with their own quotas. 
24 May 20:49:02 CONFIG [diskquota.DiskQuotaMonitor] - 28 layers attached to global quota 500.0 MB
24 May 20:49:02 CONFIG [diskquota.DiskQuotaMonitor] - Disk quota periodic enforcement task set up every 10 SECONDS
24 May 20:49:03 CONFIG [geoserver.security] - Start reloading user/groups for service named default
24 May 20:49:03 CONFIG [geoserver.security] - Reloading user/groups successful for service named default
24 May 20:49:43 INFO   [geoserver.security] - Strong cryptography is available
24 May 20:50:39 INFO   [geoserver.wms] - 
Request: getServiceInfo
24 May 20:50:39 INFO   [geoserver.wms] - 
Request: getCapabilities
	AcceptLanguages = null
	BaseUrl = http://localhost:8000/geoserver/
	Get = false
	Namespace = null
	RawKvp = {REQUEST=GetCapabilities, VERSION=1.3.0, SERVICE=WMS}
	Request = GetCapabilities
	RequestCharset = null
	RootLayerEnabled = null
	UpdateSequence = null
	Version = 1.3.0
24 May 20:50:51 WARN   [wicket.Localizer] - Tried to retrieve a localized string for a component that has not yet been added to the page. This can sometimes lead to an invalid or no localized resource returned. Make sure you are not calling Component#getString() inside your Component's constructor. Offending component: [ShapefileDirectoryEditPanel [Component id = parametersPanel]]
24 May 20:50:51 WARN   [wicket.Localizer] - Tried to retrieve a localized string for a component that has not yet been added to the page. This can sometimes lead to an invalid or no localized resource returned. Make sure you are not calling Component#getString() inside your Component's constructor. Offending component: [ShapefileDirectoryEditPanel [Component id = parametersPanel]]
24 May 20:51:08 INFO   [geoserver.wms] - 
Request: getServiceInfo
24 May 20:51:08 WARN   [gce.imagemosaic] - Unable to find sample image for path /var/local/geoserver/coverages/mosaic_sample/sample_image
24 May 20:51:08 WARN   [gce.imagemosaic] - Unable to find sample image for path file:/var/local/geoserver/coverages/mosaic_sample/mosaic.shp
24 May 20:51:08 INFO   [geoserver.wms] - 
Request: getMap
	Angle = 0.0
	BaseUrl = http://localhost:8000/geoserver/
	Bbox = SRSEnvelope[6.346 : 20.83, 36.492 : 46.591]
	BgColor = java.awt.Color[r=255,g=255,b=255]
	Buffer = 0
	Clip = null
	CQLFilter = null
	Crs = GEOGCS["WGS 84", 
  DATUM["World Geodetic System 1984", 
    SPHEROID["WGS 84", 6378137.0, 298.257223563, AUTHORITY["EPSG","7030"]], 
    AUTHORITY["EPSG","6326"]], 
  PRIMEM["Greenwich", 0.0, AUTHORITY["EPSG","8901"]], 
  UNIT["degree", 0.017453292519943295], 
  AXIS["Geodetic longitude", EAST], 
  AXIS["Geodetic latitude", NORTH], 
  AUTHORITY["EPSG","4326"]]
	Elevation = []
	Env = {}
	Exceptions = SE_XML
	FeatureId = null
	FeatureVersion = null
	Filter = null
	Format = application/openlayers
	FormatOptions = {}
	Get = true
	Height = 535
	Interpolations = []
	Layers = [org.geoserver.wms.MapLayerInfo@4cfda136]
	MaxFeatures = null
	Palette = null
	RawKvp = {REQUEST=GetMap, SRS=EPSG:4326, FORMAT=application/openlayers, BBOX=6.346,36.492,20.83,46.591, VERSION=1.1.0, STYLES=, SERVICE=WMS, WIDTH=768, HEIGHT=535, LAYERS=nurc:mosaic}
	RemoteOwsType = null
	RemoteOwsURL = null
	Request = GetMap
	RequestCharset = UTF-8
	ScaleMethod = null
	Sld = null
	SldBody = null
	SldVersion = null
	SortBy = null
	SortByArrays = null
	SRS = EPSG:4326
	StartIndex = null
	StyleBody = null
	StyleFormat = sld
	Styles = [StyleImpl[ name=raster]]
	StyleUrl = null
	StyleVersion = null
	Tiled = false
	TilesOrigin = null
	Time = []
	Transparent = false
	ValidateSchema = false
	Version = 1.1.0
	ViewParams = null
	Width = 768
24 May 20:51:08 INFO   [geoserver.wms] - 
Request: getServiceInfo
24 May 20:51:09 INFO   [geoserver.wms] - 
Request: getMap
	Angle = 0.0
	BaseUrl = http://localhost:8000/geoserver/
	Bbox = SRSEnvelope[5.1416015625 : 22.0166015625, 35.672607421875 : 47.427978515625]
	BgColor = java.awt.Color[r=255,g=255,b=255]
	Buffer = 0
	Clip = null
	CQLFilter = null
	Crs = GEOGCS["WGS 84", 
  DATUM["World Geodetic System 1984", 
    SPHEROID["WGS 84", 6378137.0, 298.257223563, AUTHORITY["EPSG","7030"]], 
    AUTHORITY["EPSG","6326"]], 
  PRIMEM["Greenwich", 0.0, AUTHORITY["EPSG","8901"]], 
  UNIT["degree", 0.017453292519943295], 
  AXIS["Geodetic longitude", EAST], 
  AXIS["Geodetic latitude", NORTH], 
  AUTHORITY["EPSG","4326"]]
	Elevation = []
	Env = {}
	Exceptions = application/vnd.ogc.se_inimage
	FeatureId = null
	FeatureVersion = null
	Filter = null
	Format = image/jpeg
	FormatOptions = {}
	Get = true
	Height = 535
	Interpolations = []
	Layers = [org.geoserver.wms.MapLayerInfo@4cfda136]
	MaxFeatures = null
	Palette = null
	RawKvp = {EXCEPTIONS=application/vnd.ogc.se_inimage, REQUEST=GetMap, FORMAT=image/jpeg, SRS=EPSG:4326, BBOX=5.1416015625,35.672607421875,22.0166015625,47.427978515625, VERSION=1.1.1, STYLES=, SERVICE=WMS, WIDTH=768, HEIGHT=535, TRANSPARENT=true, LAYERS=nurc:mosaic}
	RemoteOwsType = null
	RemoteOwsURL = null
	Request = GetMap
	RequestCharset = UTF-8
	ScaleMethod = null
	Sld = null
	SldBody = null
	SldVersion = null
	SortBy = null
	SortByArrays = null
	SRS = EPSG:4326
	StartIndex = null
	StyleBody = null
	StyleFormat = sld
	Styles = [StyleImpl[ name=raster]]
	StyleUrl = null
	StyleVersion = null
	Tiled = false
	TilesOrigin = null
	Time = []
	Transparent = true
	ValidateSchema = false
	Version = 1.1.1
	ViewParams = null
	Width = 768
24 May 20:51:13 INFO   [geoserver.wms] - 
Request: getServiceInfo
24 May 20:51:13 INFO   [geoserver.wms] - 
Request: getMap
	Angle = 0.0
	BaseUrl = http://localhost:8000/geoserver/
	Bbox = SRSEnvelope[4.06494140625 : 20.93994140625, 35.628662109375 : 47.384033203125]
	BgColor = java.awt.Color[r=255,g=255,b=255]
	Buffer = 0
	Clip = null
	CQLFilter = null
	Crs = GEOGCS["WGS 84", 
  DATUM["World Geodetic System 1984", 
    SPHEROID["WGS 84", 6378137.0, 298.257223563, AUTHORITY["EPSG","7030"]], 
    AUTHORITY["EPSG","6326"]], 
  PRIMEM["Greenwich", 0.0, AUTHORITY["EPSG","8901"]], 
  UNIT["degree", 0.017453292519943295], 
  AXIS["Geodetic longitude", EAST], 
  AXIS["Geodetic latitude", NORTH], 
  AUTHORITY["EPSG","4326"]]
	Elevation = []
	Env = {}
	Exceptions = application/vnd.ogc.se_inimage
	FeatureId = null
	FeatureVersion = null
	Filter = null
	Format = image/jpeg
	FormatOptions = {}
	Get = true
	Height = 535
	Interpolations = []
	Layers = [org.geoserver.wms.MapLayerInfo@4cfda136]
	MaxFeatures = null
	Palette = null
	RawKvp = {EXCEPTIONS=application/vnd.ogc.se_inimage, REQUEST=GetMap, FORMAT=image/jpeg, SRS=EPSG:4326, BBOX=4.06494140625,35.628662109375,20.93994140625,47.384033203125, VERSION=1.1.1, STYLES=, SERVICE=WMS, WIDTH=768, HEIGHT=535, TRANSPARENT=true, LAYERS=nurc:mosaic}
	RemoteOwsType = null
	RemoteOwsURL = null
	Request = GetMap
	RequestCharset = UTF-8
	ScaleMethod = null
	Sld = null
	SldBody = null
	SldVersion = null
	SortBy = null
	SortByArrays = null
	SRS = EPSG:4326
	StartIndex = null
	StyleBody = null
	StyleFormat = sld
	Styles = [StyleImpl[ name=raster]]
	StyleUrl = null
	StyleVersion = null
	Tiled = false
	TilesOrigin = null
	Time = []
	Transparent = true
	ValidateSchema = false
	Version = 1.1.1
	ViewParams = null
	Width = 768
24 May 20:51:17 INFO   [geoserver.wms] - 
Request: getServiceInfo
24 May 20:51:17 INFO   [geoserver.wms] - 
Request: getMap
	Angle = 0.0
	BaseUrl = http://localhost:8000/geoserver/
	Bbox = SRSEnvelope[-74.02722 : -73.907005, 40.684221 : 40.878178]
	BgColor = java.awt.Color[r=255,g=255,b=255]
	Buffer = 0
	Clip = null
	CQLFilter = null
	Crs = GEOGCS["WGS 84", 
  DATUM["World Geodetic System 1984", 
    SPHEROID["WGS 84", 6378137.0, 298.257223563, AUTHORITY["EPSG","7030"]], 
    AUTHORITY["EPSG","6326"]], 
  PRIMEM["Greenwich", 0.0, AUTHORITY["EPSG","8901"]], 
  UNIT["degree", 0.017453292519943295], 
  AXIS["Geodetic longitude", EAST], 
  AXIS["Geodetic latitude", NORTH], 
  AUTHORITY["EPSG","4326"]]
	Elevation = []
	Env = {}
	Exceptions = SE_XML
	FeatureId = null
	FeatureVersion = null
	Filter = null
	Format = application/openlayers
	FormatOptions = {}
	Get = true
	Height = 768
	Interpolations = []
	Layers = [org.geoserver.wms.MapLayerInfo@360d04e]
	MaxFeatures = null
	Palette = null
	RawKvp = {REQUEST=GetMap, SRS=EPSG:4326, FORMAT=application/openlayers, BBOX=-74.02722,40.684221,-73.907005,40.878178, VERSION=1.1.0, STYLES=, SERVICE=WMS, WIDTH=476, HEIGHT=768, LAYERS=tiger:tiger_roads}
	RemoteOwsType = null
	RemoteOwsURL = null
	Request = GetMap
	RequestCharset = UTF-8
	ScaleMethod = null
	Sld = null
	SldBody = null
	SldVersion = null
	SortBy = null
	SortByArrays = null
	SRS = EPSG:4326
	StartIndex = null
	StyleBody = null
	StyleFormat = sld
	Styles = [StyleImpl[ name=tiger_roads]]
	StyleUrl = null
	StyleVersion = null
	Tiled = false
	TilesOrigin = null
	Time = []
	Transparent = false
	ValidateSchema = false
	Version = 1.1.0
	ViewParams = null
	Width = 476
24 May 20:51:17 INFO   [geoserver.wms] - 
Request: getServiceInfo
24 May 20:51:18 INFO   [geoserver.wms] - 
Request: getMap
	Angle = 0.0
	BaseUrl = http://localhost:8000/geoserver/
	Bbox = SRSEnvelope[-74.04888153076172 : -73.88545989990234, 40.6494140625 : 40.9130859375]
	BgColor = java.awt.Color[r=255,g=255,b=255]
	Buffer = 0
	Clip = null
	CQLFilter = null
	Crs = GEOGCS["WGS 84", 
  DATUM["World Geodetic System 1984", 
    SPHEROID["WGS 84", 6378137.0, 298.257223563, AUTHORITY["EPSG","7030"]], 
    AUTHORITY["EPSG","6326"]], 
  PRIMEM["Greenwich", 0.0, AUTHORITY["EPSG","8901"]], 
  UNIT["degree", 0.017453292519943295], 
  AXIS["Geodetic longitude", EAST], 
  AXIS["Geodetic latitude", NORTH], 
  AUTHORITY["EPSG","4326"]]
	Elevation = []
	Env = {}
	Exceptions = application/vnd.ogc.se_inimage
	FeatureId = null
	FeatureVersion = null
	Filter = null
	Format = image/jpeg
	FormatOptions = {}
	Get = true
	Height = 768
	Interpolations = []
	Layers = [org.geoserver.wms.MapLayerInfo@360d04e]
	MaxFeatures = null
	Palette = null
	RawKvp = {EXCEPTIONS=application/vnd.ogc.se_inimage, REQUEST=GetMap, FORMAT=image/jpeg, SRS=EPSG:4326, BBOX=-74.04888153076172,40.6494140625,-73.88545989990234,40.9130859375, VERSION=1.1.1, STYLES=, SERVICE=WMS, WIDTH=476, HEIGHT=768, TRANSPARENT=true, LAYERS=tiger:tiger_roads}
	RemoteOwsType = null
	RemoteOwsURL = null
	Request = GetMap
	RequestCharset = UTF-8
	ScaleMethod = null
	Sld = null
	SldBody = null
	SldVersion = null
	SortBy = null
	SortByArrays = null
	SRS = EPSG:4326
	StartIndex = null
	StyleBody = null
	StyleFormat = sld
	Styles = [StyleImpl[ name=tiger_roads]]
	StyleUrl = null
	StyleVersion = null
	Tiled = false
	TilesOrigin = null
	Time = []
	Transparent = true
	ValidateSchema = false
	Version = 1.1.1
	ViewParams = null
	Width = 476
24 May 20:51:20 INFO   [geoserver.wms] - 
Request: getServiceInfo
24 May 20:51:20 INFO   [geoserver.wms] - 
Request: getMap
	Angle = 0.0
	BaseUrl = http://localhost:8000/geoserver/
	Bbox = SRSEnvelope[-74.07085418701172 : -73.90743255615234, 40.62469482421875 : 40.88836669921875]
	BgColor = java.awt.Color[r=255,g=255,b=255]
	Buffer = 0
	Clip = null
	CQLFilter = null
	Crs = GEOGCS["WGS 84", 
  DATUM["World Geodetic System 1984", 
    SPHEROID["WGS 84", 6378137.0, 298.257223563, AUTHORITY["EPSG","7030"]], 
    AUTHORITY["EPSG","6326"]], 
  PRIMEM["Greenwich", 0.0, AUTHORITY["EPSG","8901"]], 
  UNIT["degree", 0.017453292519943295], 
  AXIS["Geodetic longitude", EAST], 
  AXIS["Geodetic latitude", NORTH], 
  AUTHORITY["EPSG","4326"]]
	Elevation = []
	Env = {}
	Exceptions = application/vnd.ogc.se_inimage
	FeatureId = null
	FeatureVersion = null
	Filter = null
	Format = image/jpeg
	FormatOptions = {}
	Get = true
	Height = 768
	Interpolations = []
	Layers = [org.geoserver.wms.MapLayerInfo@360d04e]
	MaxFeatures = null
	Palette = null
	RawKvp = {EXCEPTIONS=application/vnd.ogc.se_inimage, REQUEST=GetMap, FORMAT=image/jpeg, SRS=EPSG:4326, BBOX=-74.07085418701172,40.62469482421875,-73.90743255615234,40.88836669921875, VERSION=1.1.1, STYLES=, SERVICE=WMS, WIDTH=476, HEIGHT=768, TRANSPARENT=true, LAYERS=tiger:tiger_roads}
	RemoteOwsType = null
	RemoteOwsURL = null
	Request = GetMap
	RequestCharset = UTF-8
	ScaleMethod = null
	Sld = null
	SldBody = null
	SldVersion = null
	SortBy = null
	SortByArrays = null
	SRS = EPSG:4326
	StartIndex = null
	StyleBody = null
	StyleFormat = sld
	Styles = [StyleImpl[ name=tiger_roads]]
	StyleUrl = null
	StyleVersion = null
	Tiled = false
	TilesOrigin = null
	Time = []
	Transparent = true
	ValidateSchema = false
	Version = 1.1.1
	ViewParams = null
	Width = 476
24 May 20:51:20 INFO   [geoserver.wms] - 
Request: getServiceInfo
24 May 20:51:20 INFO   [geoserver.wms] - 
Request: getMap
	Angle = 0.0
	BaseUrl = http://localhost:8000/geoserver/
	Bbox = SRSEnvelope[-74.02484893798828 : -73.9431381225586, 40.70091247558594 : 40.83274841308594]
	BgColor = java.awt.Color[r=255,g=255,b=255]
	Buffer = 0
	Clip = null
	CQLFilter = null
	Crs = GEOGCS["WGS 84", 
  DATUM["World Geodetic System 1984", 
    SPHEROID["WGS 84", 6378137.0, 298.257223563, AUTHORITY["EPSG","7030"]], 
    AUTHORITY["EPSG","6326"]], 
  PRIMEM["Greenwich", 0.0, AUTHORITY["EPSG","8901"]], 
  UNIT["degree", 0.017453292519943295], 
  AXIS["Geodetic longitude", EAST], 
  AXIS["Geodetic latitude", NORTH], 
  AUTHORITY["EPSG","4326"]]
	Elevation = []
	Env = {}
	Exceptions = application/vnd.ogc.se_inimage
	FeatureId = null
	FeatureVersion = null
	Filter = null
	Format = image/jpeg
	FormatOptions = {}
	Get = true
	Height = 768
	Interpolations = []
	Layers = [org.geoserver.wms.MapLayerInfo@360d04e]
	MaxFeatures = null
	Palette = null
	RawKvp = {EXCEPTIONS=application/vnd.ogc.se_inimage, REQUEST=GetMap, FORMAT=image/jpeg, SRS=EPSG:4326, BBOX=-74.02484893798828,40.70091247558594,-73.9431381225586,40.83274841308594, VERSION=1.1.1, STYLES=, SERVICE=WMS, WIDTH=476, HEIGHT=768, TRANSPARENT=true, LAYERS=tiger:tiger_roads}
	RemoteOwsType = null
	RemoteOwsURL = null
	Request = GetMap
	RequestCharset = UTF-8
	ScaleMethod = null
	Sld = null
	SldBody = null
	SldVersion = null
	SortBy = null
	SortByArrays = null
	SRS = EPSG:4326
	StartIndex = null
	StyleBody = null
	StyleFormat = sld
	Styles = [StyleImpl[ name=tiger_roads]]
	StyleUrl = null
	StyleVersion = null
	Tiled = false
	TilesOrigin = null
	Time = []
	Transparent = true
	ValidateSchema = false
	Version = 1.1.1
	ViewParams = null
	Width = 476
24 May 20:51:21 INFO   [geoserver.wms] - 
Request: getServiceInfo
24 May 20:51:21 INFO   [geoserver.wms] - 
Request: getMap
	Angle = 0.0
	BaseUrl = http://localhost:8000/geoserver/
	Bbox = SRSEnvelope[-73.98759841918945 : -73.96717071533203, 40.75511455535889 : 40.78807353973389]
	BgColor = java.awt.Color[r=255,g=255,b=255]
	Buffer = 0
	Clip = null
	CQLFilter = null
	Crs = GEOGCS["WGS 84", 
  DATUM["World Geodetic System 1984", 
    SPHEROID["WGS 84", 6378137.0, 298.257223563, AUTHORITY["EPSG","7030"]], 
    AUTHORITY["EPSG","6326"]], 
  PRIMEM["Greenwich", 0.0, AUTHORITY["EPSG","8901"]], 
  UNIT["degree", 0.017453292519943295], 
  AXIS["Geodetic longitude", EAST], 
  AXIS["Geodetic latitude", NORTH], 
  AUTHORITY["EPSG","4326"]]
	Elevation = []
	Env = {}
	Exceptions = application/vnd.ogc.se_inimage
	FeatureId = null
	FeatureVersion = null
	Filter = null
	Format = image/jpeg
	FormatOptions = {}
	Get = true
	Height = 768
	Interpolations = []
	Layers = [org.geoserver.wms.MapLayerInfo@360d04e]
	MaxFeatures = null
	Palette = null
	RawKvp = {EXCEPTIONS=application/vnd.ogc.se_inimage, REQUEST=GetMap, FORMAT=image/jpeg, SRS=EPSG:4326, BBOX=-73.98759841918945,40.75511455535889,-73.96717071533203,40.78807353973389, VERSION=1.1.1, STYLES=, SERVICE=WMS, WIDTH=476, HEIGHT=768, TRANSPARENT=true, LAYERS=tiger:tiger_roads}
	RemoteOwsType = null
	RemoteOwsURL = null
	Request = GetMap
	RequestCharset = UTF-8
	ScaleMethod = null
	Sld = null
	SldBody = null
	SldVersion = null
	SortBy = null
	SortByArrays = null
	SRS = EPSG:4326
	StartIndex = null
	StyleBody = null
	StyleFormat = sld
	Styles = [StyleImpl[ name=tiger_roads]]
	StyleUrl = null
	StyleVersion = null
	Tiled = false
	TilesOrigin = null
	Time = []
	Transparent = true
	ValidateSchema = false
	Version = 1.1.1
	ViewParams = null
	Width = 476
24 May 20:51:22 INFO   [geoserver.wms] - 
Request: getServiceInfo
24 May 20:51:22 INFO   [geoserver.wms] - 
Request: getMap
	Angle = 0.0
	BaseUrl = http://localhost:8000/geoserver/
	Bbox = SRSEnvelope[-74.00270462036133 : -73.96184921264648, 40.7427978515625 : 40.8087158203125]
	BgColor = java.awt.Color[r=255,g=255,b=255]
	Buffer = 0
	Clip = null
	CQLFilter = null
	Crs = GEOGCS["WGS 84", 
  DATUM["World Geodetic System 1984", 
    SPHEROID["WGS 84", 6378137.0, 298.257223563, AUTHORITY["EPSG","7030"]], 
    AUTHORITY["EPSG","6326"]], 
  PRIMEM["Greenwich", 0.0, AUTHORITY["EPSG","8901"]], 
  UNIT["degree", 0.017453292519943295], 
  AXIS["Geodetic longitude", EAST], 
  AXIS["Geodetic latitude", NORTH], 
  AUTHORITY["EPSG","4326"]]
	Elevation = []
	Env = {}
	Exceptions = application/vnd.ogc.se_inimage
	FeatureId = null
	FeatureVersion = null
	Filter = null
	Format = image/jpeg
	FormatOptions = {}
	Get = true
	Height = 768
	Interpolations = []
	Layers = [org.geoserver.wms.MapLayerInfo@360d04e]
	MaxFeatures = null
	Palette = null
	RawKvp = {EXCEPTIONS=application/vnd.ogc.se_inimage, REQUEST=GetMap, FORMAT=image/jpeg, SRS=EPSG:4326, BBOX=-74.00270462036133,40.7427978515625,-73.96184921264648,40.8087158203125, VERSION=1.1.1, STYLES=, SERVICE=WMS, WIDTH=476, HEIGHT=768, TRANSPARENT=true, LAYERS=tiger:tiger_roads}
	RemoteOwsType = null
	RemoteOwsURL = null
	Request = GetMap
	RequestCharset = UTF-8
	ScaleMethod = null
	Sld = null
	SldBody = null
	SldVersion = null
	SortBy = null
	SortByArrays = null
	SRS = EPSG:4326
	StartIndex = null
	StyleBody = null
	StyleFormat = sld
	Styles = [StyleImpl[ name=tiger_roads]]
	StyleUrl = null
	StyleVersion = null
	Tiled = false
	TilesOrigin = null
	Time = []
	Transparent = true
	ValidateSchema = false
	Version = 1.1.1
	ViewParams = null
	Width = 476
24 May 21:32:55 INFO   [geoserver.gwc] - Saving GeoSeverTileLayer cite:ft_bus_stop
24 May 21:32:56 CONFIG [platform.resource] - Notifying ENTRY_MODIFY change on /var/local/geoserver/gwc-layers. Created: 1, removed: 0, modified: 0
24 May 21:33:01 INFO   [geoserver.wms] - 
Request: getServiceInfo
24 May 21:33:01 INFO   [geoserver.wms] - 
Request: getMap
	Angle = 0.0
	BaseUrl = http://localhost:8000/geoserver/
	Bbox = SRSEnvelope[-34.9012 : -34.900999999999996, -56.1646 : -56.16439999999999]
	BgColor = java.awt.Color[r=255,g=255,b=255]
	Buffer = 0
	Clip = null
	CQLFilter = null
	Crs = GEOGCS["WGS 84", 
  DATUM["World Geodetic System 1984", 
    SPHEROID["WGS 84", 6378137.0, 298.257223563, AUTHORITY["EPSG","7030"]], 
    AUTHORITY["EPSG","6326"]], 
  PRIMEM["Greenwich", 0.0, AUTHORITY["EPSG","8901"]], 
  UNIT["degree", 0.017453292519943295], 
  AXIS["Geodetic longitude", EAST], 
  AXIS["Geodetic latitude", NORTH], 
  AUTHORITY["EPSG","4326"]]
	Elevation = []
	Env = {}
	Exceptions = SE_XML
	FeatureId = null
	FeatureVersion = null
	Filter = null
	Format = application/openlayers
	FormatOptions = {}
	Get = true
	Height = 768
	Interpolations = []
	Layers = [org.geoserver.wms.MapLayerInfo@d7d9db4f]
	MaxFeatures = null
	Palette = null
	RawKvp = {REQUEST=GetMap, SRS=EPSG:4326, FORMAT=application/openlayers, BBOX=-34.9012,-56.1646,-34.900999999999996,-56.16439999999999, VERSION=1.1.0, STYLES=, SERVICE=WMS, WIDTH=768, HEIGHT=768, LAYERS=cite:ft_bus_stop}
	RemoteOwsType = null
	RemoteOwsURL = null
	Request = GetMap
	RequestCharset = UTF-8
	ScaleMethod = null
	Sld = null
	SldBody = null
	SldVersion = null
	SortBy = null
	SortByArrays = null
	SRS = EPSG:4326
	StartIndex = null
	StyleBody = null
	StyleFormat = sld
	Styles = [StyleImpl[ name=point]]
	StyleUrl = null
	StyleVersion = null
	Tiled = false
	TilesOrigin = null
	Time = []
	Transparent = false
	ValidateSchema = false
	Version = 1.1.0
	ViewParams = null
	Width = 768
24 May 21:33:02 INFO   [geoserver.wms] - 
Request: getServiceInfo
24 May 21:33:02 INFO   [geoserver.wms] - 
Request: getMap
	Angle = 0.0
	BaseUrl = http://localhost:8000/geoserver/
	Bbox = SRSEnvelope[-34.901228584349155 : -34.900971092283726, -56.16462863981724 : -56.16437114775181]
	BgColor = java.awt.Color[r=255,g=255,b=255]
	Buffer = 0
	Clip = null
	CQLFilter = null
	Crs = GEOGCS["WGS 84", 
  DATUM["World Geodetic System 1984", 
    SPHEROID["WGS 84", 6378137.0, 298.257223563, AUTHORITY["EPSG","7030"]], 
    AUTHORITY["EPSG","6326"]], 
  PRIMEM["Greenwich", 0.0, AUTHORITY["EPSG","8901"]], 
  UNIT["degree", 0.017453292519943295], 
  AXIS["Geodetic longitude", EAST], 
  AXIS["Geodetic latitude", NORTH], 
  AUTHORITY["EPSG","4326"]]
	Elevation = []
	Env = {}
	Exceptions = application/vnd.ogc.se_inimage
	FeatureId = null
	FeatureVersion = null
	Filter = null
	Format = image/jpeg
	FormatOptions = {}
	Get = true
	Height = 768
	Interpolations = []
	Layers = [org.geoserver.wms.MapLayerInfo@d7d9db4f]
	MaxFeatures = null
	Palette = null
	RawKvp = {EXCEPTIONS=application/vnd.ogc.se_inimage, REQUEST=GetMap, FORMAT=image/jpeg, SRS=EPSG:4326, BBOX=-34.901228584349155,-56.16462863981724,-34.900971092283726,-56.16437114775181, VERSION=1.1.1, STYLES=, SERVICE=WMS, WIDTH=768, HEIGHT=768, TRANSPARENT=true, LAYERS=cite:ft_bus_stop}
	RemoteOwsType = null
	RemoteOwsURL = null
	Request = GetMap
	RequestCharset = UTF-8
	ScaleMethod = null
	Sld = null
	SldBody = null
	SldVersion = null
	SortBy = null
	SortByArrays = null
	SRS = EPSG:4326
	StartIndex = null
	StyleBody = null
	StyleFormat = sld
	Styles = [StyleImpl[ name=point]]
	StyleUrl = null
	StyleVersion = null
	Tiled = false
	TilesOrigin = null
	Time = []
	Transparent = true
	ValidateSchema = false
	Version = 1.1.1
	ViewParams = null
	Width = 768
24 May 21:33:05 INFO   [geoserver.wms] - 
Request: getServiceInfo
24 May 21:33:05 INFO   [geoserver.wms] - 
Request: getMap
	Angle = 0.0
	BaseUrl = http://localhost:8000/geoserver/
	Bbox = SRSEnvelope[-34.90130804479122 : -34.90079306066036, -56.16478689014912 : -56.16427190601826]
	BgColor = java.awt.Color[r=255,g=255,b=255]
	Buffer = 0
	Clip = null
	CQLFilter = null
	Crs = GEOGCS["WGS 84", 
  DATUM["World Geodetic System 1984", 
    SPHEROID["WGS 84", 6378137.0, 298.257223563, AUTHORITY["EPSG","7030"]], 
    AUTHORITY["EPSG","6326"]], 
  PRIMEM["Greenwich", 0.0, AUTHORITY["EPSG","8901"]], 
  UNIT["degree", 0.017453292519943295], 
  AXIS["Geodetic longitude", EAST], 
  AXIS["Geodetic latitude", NORTH], 
  AUTHORITY["EPSG","4326"]]
	Elevation = []
	Env = {}
	Exceptions = application/vnd.ogc.se_inimage
	FeatureId = null
	FeatureVersion = null
	Filter = null
	Format = image/jpeg
	FormatOptions = {}
	Get = true
	Height = 768
	Interpolations = []
	Layers = [org.geoserver.wms.MapLayerInfo@d7d9db4f]
	MaxFeatures = null
	Palette = null
	RawKvp = {EXCEPTIONS=application/vnd.ogc.se_inimage, REQUEST=GetMap, FORMAT=image/jpeg, SRS=EPSG:4326, BBOX=-34.90130804479122,-56.16478689014912,-34.90079306066036,-56.16427190601826, VERSION=1.1.1, STYLES=, SERVICE=WMS, WIDTH=768, HEIGHT=768, TRANSPARENT=true, LAYERS=cite:ft_bus_stop}
	RemoteOwsType = null
	RemoteOwsURL = null
	Request = GetMap
	RequestCharset = UTF-8
	ScaleMethod = null
	Sld = null
	SldBody = null
	SldVersion = null
	SortBy = null
	SortByArrays = null
	SRS = EPSG:4326
	StartIndex = null
	StyleBody = null
	StyleFormat = sld
	Styles = [StyleImpl[ name=point]]
	StyleUrl = null
	StyleVersion = null
	Tiled = false
	TilesOrigin = null
	Time = []
	Transparent = true
	ValidateSchema = false
	Version = 1.1.1
	ViewParams = null
	Width = 768
24 May 21:33:05 INFO   [geoserver.wms] - 
Request: getServiceInfo
24 May 21:33:05 INFO   [geoserver.wms] - 
Request: getMap
	Angle = 0.0
	BaseUrl = http://localhost:8000/geoserver/
	Bbox = SRSEnvelope[-34.90122523158789 : -34.90096773952246, -56.16463132202625 : -56.16437382996082]
	BgColor = java.awt.Color[r=255,g=255,b=255]
	Buffer = 0
	Clip = null
	CQLFilter = null
	Crs = GEOGCS["WGS 84", 
  DATUM["World Geodetic System 1984", 
    SPHEROID["WGS 84", 6378137.0, 298.257223563, AUTHORITY["EPSG","7030"]], 
    AUTHORITY["EPSG","6326"]], 
  PRIMEM["Greenwich", 0.0, AUTHORITY["EPSG","8901"]], 
  UNIT["degree", 0.017453292519943295], 
  AXIS["Geodetic longitude", EAST], 
  AXIS["Geodetic latitude", NORTH], 
  AUTHORITY["EPSG","4326"]]
	Elevation = []
	Env = {}
	Exceptions = application/vnd.ogc.se_inimage
	FeatureId = null
	FeatureVersion = null
	Filter = null
	Format = image/jpeg
	FormatOptions = {}
	Get = true
	Height = 768
	Interpolations = []
	Layers = [org.geoserver.wms.MapLayerInfo@d7d9db4f]
	MaxFeatures = null
	Palette = null
	RawKvp = {EXCEPTIONS=application/vnd.ogc.se_inimage, REQUEST=GetMap, FORMAT=image/jpeg, SRS=EPSG:4326, BBOX=-34.90122523158789,-56.16463132202625,-34.90096773952246,-56.16437382996082, VERSION=1.1.1, STYLES=, SERVICE=WMS, WIDTH=768, HEIGHT=768, TRANSPARENT=true, LAYERS=cite:ft_bus_stop}
	RemoteOwsType = null
	RemoteOwsURL = null
	Request = GetMap
	RequestCharset = UTF-8
	ScaleMethod = null
	Sld = null
	SldBody = null
	SldVersion = null
	SortBy = null
	SortByArrays = null
	SRS = EPSG:4326
	StartIndex = null
	StyleBody = null
	StyleFormat = sld
	Styles = [StyleImpl[ name=point]]
	StyleUrl = null
	StyleVersion = null
	Tiled = false
	TilesOrigin = null
	Time = []
	Transparent = true
	ValidateSchema = false
	Version = 1.1.1
	ViewParams = null
	Width = 768
24 May 21:33:06 INFO   [geoserver.wms] - 
Request: getServiceInfo
24 May 21:33:06 INFO   [geoserver.wms] - 
Request: getMap
	Angle = 0.0
	BaseUrl = http://localhost:8000/geoserver/
	Bbox = SRSEnvelope[-34.90133084356785 : -34.90081585943699, -56.164763420820236 : -56.16424843668938]
	BgColor = java.awt.Color[r=255,g=255,b=255]
	Buffer = 0
	Clip = null
	CQLFilter = null
	Crs = GEOGCS["WGS 84", 
  DATUM["World Geodetic System 1984", 
    SPHEROID["WGS 84", 6378137.0, 298.257223563, AUTHORITY["EPSG","7030"]], 
    AUTHORITY["EPSG","6326"]], 
  PRIMEM["Greenwich", 0.0, AUTHORITY["EPSG","8901"]], 
  UNIT["degree", 0.017453292519943295], 
  AXIS["Geodetic longitude", EAST], 
  AXIS["Geodetic latitude", NORTH], 
  AUTHORITY["EPSG","4326"]]
	Elevation = []
	Env = {}
	Exceptions = application/vnd.ogc.se_inimage
	FeatureId = null
	FeatureVersion = null
	Filter = null
	Format = image/jpeg
	FormatOptions = {}
	Get = true
	Height = 768
	Interpolations = []
	Layers = [org.geoserver.wms.MapLayerInfo@d7d9db4f]
	MaxFeatures = null
	Palette = null
	RawKvp = {EXCEPTIONS=application/vnd.ogc.se_inimage, REQUEST=GetMap, FORMAT=image/jpeg, SRS=EPSG:4326, BBOX=-34.90133084356785,-56.164763420820236,-34.90081585943699,-56.16424843668938, VERSION=1.1.1, STYLES=, SERVICE=WMS, WIDTH=768, HEIGHT=768, TRANSPARENT=true, LAYERS=cite:ft_bus_stop}
	RemoteOwsType = null
	RemoteOwsURL = null
	Request = GetMap
	RequestCharset = UTF-8
	ScaleMethod = null
	Sld = null
	SldBody = null
	SldVersion = null
	SortBy = null
	SortByArrays = null
	SRS = EPSG:4326
	StartIndex = null
	StyleBody = null
	StyleFormat = sld
	Styles = [StyleImpl[ name=point]]
	StyleUrl = null
	StyleVersion = null
	Tiled = false
	TilesOrigin = null
	Time = []
	Transparent = true
	ValidateSchema = false
	Version = 1.1.1
	ViewParams = null
	Width = 768
24 May 21:33:07 INFO   [geoserver.wms] - 
Request: getServiceInfo
24 May 21:33:07 INFO   [geoserver.wms] - 
Request: getMap
	Angle = 0.0
	BaseUrl = http://localhost:8000/geoserver/
	Bbox = SRSEnvelope[-34.90116907283664 : -34.90104032680392, -56.164567451924086 : -56.16443870589137]
	BgColor = java.awt.Color[r=255,g=255,b=255]
	Buffer = 0
	Clip = null
	CQLFilter = null
	Crs = GEOGCS["WGS 84", 
  DATUM["World Geodetic System 1984", 
    SPHEROID["WGS 84", 6378137.0, 298.257223563, AUTHORITY["EPSG","7030"]], 
    AUTHORITY["EPSG","6326"]], 
  PRIMEM["Greenwich", 0.0, AUTHORITY["EPSG","8901"]], 
  UNIT["degree", 0.017453292519943295], 
  AXIS["Geodetic longitude", EAST], 
  AXIS["Geodetic latitude", NORTH], 
  AUTHORITY["EPSG","4326"]]
	Elevation = []
	Env = {}
	Exceptions = application/vnd.ogc.se_inimage
	FeatureId = null
	FeatureVersion = null
	Filter = null
	Format = image/jpeg
	FormatOptions = {}
	Get = true
	Height = 768
	Interpolations = []
	Layers = [org.geoserver.wms.MapLayerInfo@d7d9db4f]
	MaxFeatures = null
	Palette = null
	RawKvp = {EXCEPTIONS=application/vnd.ogc.se_inimage, REQUEST=GetMap, FORMAT=image/jpeg, SRS=EPSG:4326, BBOX=-34.90116907283664,-56.164567451924086,-34.90104032680392,-56.16443870589137, VERSION=1.1.1, STYLES=, SERVICE=WMS, WIDTH=768, HEIGHT=768, TRANSPARENT=true, LAYERS=cite:ft_bus_stop}
	RemoteOwsType = null
	RemoteOwsURL = null
	Request = GetMap
	RequestCharset = UTF-8
	ScaleMethod = null
	Sld = null
	SldBody = null
	SldVersion = null
	SortBy = null
	SortByArrays = null
	SRS = EPSG:4326
	StartIndex = null
	StyleBody = null
	StyleFormat = sld
	Styles = [StyleImpl[ name=point]]
	StyleUrl = null
	StyleVersion = null
	Tiled = false
	TilesOrigin = null
	Time = []
	Transparent = true
	ValidateSchema = false
	Version = 1.1.1
	ViewParams = null
	Width = 768
24 May 21:33:07 INFO   [geoserver.wms] - 
Request: getServiceInfo
24 May 21:33:07 INFO   [geoserver.wms] - 
Request: getMap
	Angle = 0.0
	BaseUrl = http://localhost:8000/geoserver/
	Bbox = SRSEnvelope[-34.90112846251577 : -34.90109627600759, -56.16451871115714 : -56.164486524648964]
	BgColor = java.awt.Color[r=255,g=255,b=255]
	Buffer = 0
	Clip = null
	CQLFilter = null
	Crs = GEOGCS["WGS 84", 
  DATUM["World Geodetic System 1984", 
    SPHEROID["WGS 84", 6378137.0, 298.257223563, AUTHORITY["EPSG","7030"]], 
    AUTHORITY["EPSG","6326"]], 
  PRIMEM["Greenwich", 0.0, AUTHORITY["EPSG","8901"]], 
  UNIT["degree", 0.017453292519943295], 
  AXIS["Geodetic longitude", EAST], 
  AXIS["Geodetic latitude", NORTH], 
  AUTHORITY["EPSG","4326"]]
	Elevation = []
	Env = {}
	Exceptions = application/vnd.ogc.se_inimage
	FeatureId = null
	FeatureVersion = null
	Filter = null
	Format = image/jpeg
	FormatOptions = {}
	Get = true
	Height = 768
	Interpolations = []
	Layers = [org.geoserver.wms.MapLayerInfo@d7d9db4f]
	MaxFeatures = null
	Palette = null
	RawKvp = {EXCEPTIONS=application/vnd.ogc.se_inimage, REQUEST=GetMap, FORMAT=image/jpeg, SRS=EPSG:4326, BBOX=-34.90112846251577,-56.16451871115714,-34.90109627600759,-56.164486524648964, VERSION=1.1.1, STYLES=, SERVICE=WMS, WIDTH=768, HEIGHT=768, TRANSPARENT=true, LAYERS=cite:ft_bus_stop}
	RemoteOwsType = null
	RemoteOwsURL = null
	Request = GetMap
	RequestCharset = UTF-8
	ScaleMethod = null
	Sld = null
	SldBody = null
	SldVersion = null
	SortBy = null
	SortByArrays = null
	SRS = EPSG:4326
	StartIndex = null
	StyleBody = null
	StyleFormat = sld
	Styles = [StyleImpl[ name=point]]
	StyleUrl = null
	StyleVersion = null
	Tiled = false
	TilesOrigin = null
	Time = []
	Transparent = true
	ValidateSchema = false
	Version = 1.1.1
	ViewParams = null
	Width = 768
24 May 21:33:08 INFO   [geoserver.wms] - 
Request: getServiceInfo
24 May 21:33:08 INFO   [geoserver.wms] - 
Request: getMap
	Angle = 0.0
	BaseUrl = http://localhost:8000/geoserver/
	Bbox = SRSEnvelope[-34.901108387857676 : -34.9010762013495, -56.164515693672 : -56.16448350716382]
	BgColor = java.awt.Color[r=255,g=255,b=255]
	Buffer = 0
	Clip = null
	CQLFilter = null
	Crs = GEOGCS["WGS 84", 
  DATUM["World Geodetic System 1984", 
    SPHEROID["WGS 84", 6378137.0, 298.257223563, AUTHORITY["EPSG","7030"]], 
    AUTHORITY["EPSG","6326"]], 
  PRIMEM["Greenwich", 0.0, AUTHORITY["EPSG","8901"]], 
  UNIT["degree", 0.017453292519943295], 
  AXIS["Geodetic longitude", EAST], 
  AXIS["Geodetic latitude", NORTH], 
  AUTHORITY["EPSG","4326"]]
	Elevation = []
	Env = {}
	Exceptions = application/vnd.ogc.se_inimage
	FeatureId = null
	FeatureVersion = null
	Filter = null
	Format = image/jpeg
	FormatOptions = {}
	Get = true
	Height = 768
	Interpolations = []
	Layers = [org.geoserver.wms.MapLayerInfo@d7d9db4f]
	MaxFeatures = null
	Palette = null
	RawKvp = {EXCEPTIONS=application/vnd.ogc.se_inimage, REQUEST=GetMap, FORMAT=image/jpeg, SRS=EPSG:4326, BBOX=-34.901108387857676,-56.164515693672,-34.9010762013495,-56.16448350716382, VERSION=1.1.1, STYLES=, SERVICE=WMS, WIDTH=768, HEIGHT=768, TRANSPARENT=true, LAYERS=cite:ft_bus_stop}
	RemoteOwsType = null
	RemoteOwsURL = null
	Request = GetMap
	RequestCharset = UTF-8
	ScaleMethod = null
	Sld = null
	SldBody = null
	SldVersion = null
	SortBy = null
	SortByArrays = null
	SRS = EPSG:4326
	StartIndex = null
	StyleBody = null
	StyleFormat = sld
	Styles = [StyleImpl[ name=point]]
	StyleUrl = null
	StyleVersion = null
	Tiled = false
	TilesOrigin = null
	Time = []
	Transparent = true
	ValidateSchema = false
	Version = 1.1.1
	ViewParams = null
	Width = 768
24 May 21:33:08 INFO   [geoserver.wms] - 
Request: getServiceInfo
24 May 21:33:08 INFO   [geoserver.wms] - 
Request: getMap
	Angle = 0.0
	BaseUrl = http://localhost:8000/geoserver/
	Bbox = SRSEnvelope[-34.90111748222262 : -34.90108529571444, -56.164516364224255 : -56.164484177716076]
	BgColor = java.awt.Color[r=255,g=255,b=255]
	Buffer = 0
	Clip = null
	CQLFilter = null
	Crs = GEOGCS["WGS 84", 
  DATUM["World Geodetic System 1984", 
    SPHEROID["WGS 84", 6378137.0, 298.257223563, AUTHORITY["EPSG","7030"]], 
    AUTHORITY["EPSG","6326"]], 
  PRIMEM["Greenwich", 0.0, AUTHORITY["EPSG","8901"]], 
  UNIT["degree", 0.017453292519943295], 
  AXIS["Geodetic longitude", EAST], 
  AXIS["Geodetic latitude", NORTH], 
  AUTHORITY["EPSG","4326"]]
	Elevation = []
	Env = {}
	Exceptions = application/vnd.ogc.se_inimage
	FeatureId = null
	FeatureVersion = null
	Filter = null
	Format = image/jpeg
	FormatOptions = {}
	Get = true
	Height = 768
	Interpolations = []
	Layers = [org.geoserver.wms.MapLayerInfo@d7d9db4f]
	MaxFeatures = null
	Palette = null
	RawKvp = {EXCEPTIONS=application/vnd.ogc.se_inimage, REQUEST=GetMap, FORMAT=image/jpeg, SRS=EPSG:4326, BBOX=-34.90111748222262,-56.164516364224255,-34.90108529571444,-56.164484177716076, VERSION=1.1.1, STYLES=, SERVICE=WMS, WIDTH=768, HEIGHT=768, TRANSPARENT=true, LAYERS=cite:ft_bus_stop}
	RemoteOwsType = null
	RemoteOwsURL = null
	Request = GetMap
	RequestCharset = UTF-8
	ScaleMethod = null
	Sld = null
	SldBody = null
	SldVersion = null
	SortBy = null
	SortByArrays = null
	SRS = EPSG:4326
	StartIndex = null
	StyleBody = null
	StyleFormat = sld
	Styles = [StyleImpl[ name=point]]
	StyleUrl = null
	StyleVersion = null
	Tiled = false
	TilesOrigin = null
	Time = []
	Transparent = true
	ValidateSchema = false
	Version = 1.1.1
	ViewParams = null
	Width = 768
24 May 21:33:25 INFO   [geoserver.wfs] - 
Request: getServiceInfo
24 May 21:33:25 INFO   [geoserver.wfs] - 
Request: getFeature
    service = WFS
    version = 1.0.0
    baseUrl = http://localhost:8000/geoserver/
    query[0]:
        typeName[0] = {http://www.opengeospatial.net/cite}ft_bus_stop
    maxFeatures = 50
    outputFormat = GML2
    resultType = results
24 May 21:33:33 INFO   [geoserver.wms] - 
Request: getServiceInfo
24 May 21:33:33 INFO   [geoserver.wms] - 
Request: getMap
	Angle = 0.0
	BaseUrl = http://localhost:8000/geoserver/
	Bbox = SRSEnvelope[-34.9012 : -34.900999999999996, -56.1646 : -56.16439999999999]
	BgColor = java.awt.Color[r=255,g=255,b=255]
	Buffer = 0
	Clip = null
	CQLFilter = null
	Crs = GEOGCS["WGS 84", 
  DATUM["World Geodetic System 1984", 
    SPHEROID["WGS 84", 6378137.0, 298.257223563, AUTHORITY["EPSG","7030"]], 
    AUTHORITY["EPSG","6326"]], 
  PRIMEM["Greenwich", 0.0, AUTHORITY["EPSG","8901"]], 
  UNIT["degree", 0.017453292519943295], 
  AXIS["Geodetic longitude", EAST], 
  AXIS["Geodetic latitude", NORTH], 
  AUTHORITY["EPSG","4326"]]
	Elevation = []
	Env = {}
	Exceptions = SE_XML
	FeatureId = null
	FeatureVersion = null
	Filter = null
	Format = image/vnd.jpeg-png
	FormatOptions = {}
	Get = true
	Height = 768
	Interpolations = []
	Layers = [org.geoserver.wms.MapLayerInfo@d7d9db4f]
	MaxFeatures = null
	Palette = null
	RawKvp = {REQUEST=GetMap, SRS=EPSG:4326, FORMAT=image/vnd.jpeg-png, BBOX=-34.9012,-56.1646,-34.900999999999996,-56.16439999999999, VERSION=1.1.0, STYLES=, SERVICE=WMS, WIDTH=768, HEIGHT=768, LAYERS=cite:ft_bus_stop}
	RemoteOwsType = null
	RemoteOwsURL = null
	Request = GetMap
	RequestCharset = UTF-8
	ScaleMethod = null
	Sld = null
	SldBody = null
	SldVersion = null
	SortBy = null
	SortByArrays = null
	SRS = EPSG:4326
	StartIndex = null
	StyleBody = null
	StyleFormat = sld
	Styles = [StyleImpl[ name=point]]
	StyleUrl = null
	StyleVersion = null
	Tiled = false
	TilesOrigin = null
	Time = []
	Transparent = false
	ValidateSchema = false
	Version = 1.1.0
	ViewParams = null
	Width = 768
24 May 21:33:40 INFO   [geoserver.wfs] - 
Request: getServiceInfo
24 May 21:33:40 INFO   [geoserver.wfs] - 
Request: getFeature
    service = WFS
    version = 1.0.0
    baseUrl = http://localhost:8000/geoserver/
    query[0]:
        typeName[0] = {http://www.opengeospatial.net/cite}ft_bus_stop
    maxFeatures = 50
    outputFormat = csv
    resultType = results
24 May 21:35:33 INFO   [geoserver.wms] - 
Request: getServiceInfo
24 May 21:35:33 INFO   [geoserver.wms] - 
Request: getMap
	Angle = 0.0
	BaseUrl = http://localhost:8000/geoserver/
	Bbox = SRSEnvelope[-34.9012 : -34.900999999999996, -56.1646 : -56.16439999999999]
	BgColor = java.awt.Color[r=255,g=255,b=255]
	Buffer = 0
	Clip = null
	CQLFilter = null
	Crs = GEOGCS["WGS 84", 
  DATUM["World Geodetic System 1984", 
    SPHEROID["WGS 84", 6378137.0, 298.257223563, AUTHORITY["EPSG","7030"]], 
    AUTHORITY["EPSG","6326"]], 
  PRIMEM["Greenwich", 0.0, AUTHORITY["EPSG","8901"]], 
  UNIT["degree", 0.017453292519943295], 
  AXIS["Geodetic longitude", EAST], 
  AXIS["Geodetic latitude", NORTH], 
  AUTHORITY["EPSG","4326"]]
	Elevation = []
	Env = {}
	Exceptions = SE_XML
	FeatureId = null
	FeatureVersion = null
	Filter = null
	Format = application/openlayers
	FormatOptions = {}
	Get = true
	Height = 768
	Interpolations = []
	Layers = [org.geoserver.wms.MapLayerInfo@d7d9db4f]
	MaxFeatures = null
	Palette = null
	RawKvp = {REQUEST=GetMap, SRS=EPSG:4326, FORMAT=application/openlayers, BBOX=-34.9012,-56.1646,-34.900999999999996,-56.16439999999999, VERSION=1.1.0, STYLES=, SERVICE=WMS, WIDTH=768, HEIGHT=768, LAYERS=cite:ft_bus_stop}
	RemoteOwsType = null
	RemoteOwsURL = null
	Request = GetMap
	RequestCharset = UTF-8
	ScaleMethod = null
	Sld = null
	SldBody = null
	SldVersion = null
	SortBy = null
	SortByArrays = null
	SRS = EPSG:4326
	StartIndex = null
	StyleBody = null
	StyleFormat = sld
	Styles = [StyleImpl[ name=point]]
	StyleUrl = null
	StyleVersion = null
	Tiled = false
	TilesOrigin = null
	Time = []
	Transparent = false
	ValidateSchema = false
	Version = 1.1.0
	ViewParams = null
	Width = 768
24 May 21:35:33 INFO   [geoserver.wms] - 
Request: getServiceInfo
24 May 21:35:33 INFO   [geoserver.wms] - 
Request: getMap
	Angle = 0.0
	BaseUrl = http://localhost:8000/geoserver/
	Bbox = SRSEnvelope[-34.901228584349155 : -34.900971092283726, -56.16462863981724 : -56.16437114775181]
	BgColor = java.awt.Color[r=255,g=255,b=255]
	Buffer = 0
	Clip = null
	CQLFilter = null
	Crs = GEOGCS["WGS 84", 
  DATUM["World Geodetic System 1984", 
    SPHEROID["WGS 84", 6378137.0, 298.257223563, AUTHORITY["EPSG","7030"]], 
    AUTHORITY["EPSG","6326"]], 
  PRIMEM["Greenwich", 0.0, AUTHORITY["EPSG","8901"]], 
  UNIT["degree", 0.017453292519943295], 
  AXIS["Geodetic longitude", EAST], 
  AXIS["Geodetic latitude", NORTH], 
  AUTHORITY["EPSG","4326"]]
	Elevation = []
	Env = {}
	Exceptions = application/vnd.ogc.se_inimage
	FeatureId = null
	FeatureVersion = null
	Filter = null
	Format = image/jpeg
	FormatOptions = {}
	Get = true
	Height = 768
	Interpolations = []
	Layers = [org.geoserver.wms.MapLayerInfo@d7d9db4f]
	MaxFeatures = null
	Palette = null
	RawKvp = {EXCEPTIONS=application/vnd.ogc.se_inimage, REQUEST=GetMap, FORMAT=image/jpeg, SRS=EPSG:4326, BBOX=-34.901228584349155,-56.16462863981724,-34.900971092283726,-56.16437114775181, VERSION=1.1.1, STYLES=, SERVICE=WMS, WIDTH=768, HEIGHT=768, TRANSPARENT=true, LAYERS=cite:ft_bus_stop}
	RemoteOwsType = null
	RemoteOwsURL = null
	Request = GetMap
	RequestCharset = UTF-8
	ScaleMethod = null
	Sld = null
	SldBody = null
	SldVersion = null
	SortBy = null
	SortByArrays = null
	SRS = EPSG:4326
	StartIndex = null
	StyleBody = null
	StyleFormat = sld
	Styles = [StyleImpl[ name=point]]
	StyleUrl = null
	StyleVersion = null
	Tiled = false
	TilesOrigin = null
	Time = []
	Transparent = true
	ValidateSchema = false
	Version = 1.1.1
	ViewParams = null
	Width = 768
24 May 21:35:45 INFO   [geoserver.wms] - 
Request: getServiceInfo
24 May 21:35:45 ERROR  [geoserver.ows] - 
org.geoserver.platform.ServiceException: Could not determine geoserver request from http request org.geoserver.platform.AdvancedDispatchFilter$AdvancedDispatchHttpRequest@c930fb8
	at org.geoserver.ows.Dispatcher.dispatch(Dispatcher.java:648)
	at org.geoserver.ows.Dispatcher.handleRequestInternal(Dispatcher.java:252)
	at org.springframework.web.servlet.mvc.AbstractController.handleRequest(AbstractController.java:177)
	at org.springframework.web.servlet.mvc.SimpleControllerHandlerAdapter.handle(SimpleControllerHandlerAdapter.java:51)
	at org.springframework.web.servlet.DispatcherServlet.doDispatch(DispatcherServlet.java:1072)
	at org.springframework.web.servlet.DispatcherServlet.doService(DispatcherServlet.java:965)
	at org.springframework.web.servlet.FrameworkServlet.processRequest(FrameworkServlet.java:1006)
	at org.springframework.web.servlet.FrameworkServlet.doGet(FrameworkServlet.java:898)
	at javax.servlet.http.HttpServlet.service(HttpServlet.java:529)
	at org.springframework.web.servlet.FrameworkServlet.service(FrameworkServlet.java:883)
	at javax.servlet.http.HttpServlet.service(HttpServlet.java:623)
	at org.apache.catalina.core.ApplicationFilterChain.internalDoFilter(ApplicationFilterChain.java:199)
	at org.apache.catalina.core.ApplicationFilterChain.doFilter(ApplicationFilterChain.java:144)
	at org.apache.tomcat.websocket.server.WsFilter.doFilter(WsFilter.java:51)
	at org.apache.catalina.core.ApplicationFilterChain.internalDoFilter(ApplicationFilterChain.java:168)
	at org.apache.catalina.core.ApplicationFilterChain.doFilter(ApplicationFilterChain.java:144)
	at org.geoserver.filters.ThreadLocalsCleanupFilter.doFilter(ThreadLocalsCleanupFilter.java:28)
	at org.apache.catalina.core.ApplicationFilterChain.internalDoFilter(ApplicationFilterChain.java:168)
	at org.apache.catalina.core.ApplicationFilterChain.doFilter(ApplicationFilterChain.java:144)
	at org.geoserver.filters.SpringDelegatingFilter$Chain.doFilter(SpringDelegatingFilter.java:70)
	at org.geoserver.ows.HTTPHeadersCollector.doFilter(HTTPHeadersCollector.java:48)
	at org.geoserver.filters.SpringDelegatingFilter$Chain.doFilter(SpringDelegatingFilter.java:67)
	at org.geoserver.filters.HTTPMethodFilter.doFilter(HTTPMethodFilter.java:36)
	at org.geoserver.filters.SpringDelegatingFilter$Chain.doFilter(SpringDelegatingFilter.java:67)
	at org.geoserver.filters.LoggingFilter.doFilter(LoggingFilter.java:181)
	at org.geoserver.filters.SpringDelegatingFilter$Chain.doFilter(SpringDelegatingFilter.java:67)
	at org.geoserver.filters.SpringDelegatingFilter.doFilter(SpringDelegatingFilter.java:41)
	at org.apache.catalina.core.ApplicationFilterChain.internalDoFilter(ApplicationFilterChain.java:168)
	at org.apache.catalina.core.ApplicationFilterChain.doFilter(ApplicationFilterChain.java:144)
	at org.geoserver.platform.AdvancedDispatchFilter.doFilter(AdvancedDispatchFilter.java:39)
	at org.apache.catalina.core.ApplicationFilterChain.internalDoFilter(ApplicationFilterChain.java:168)
	at org.apache.catalina.core.ApplicationFilterChain.doFilter(ApplicationFilterChain.java:144)
	at org.springframework.security.web.FilterChainProxy$VirtualFilterChain.doFilter(FilterChainProxy.java:352)
	at org.geoserver.security.filter.GeoServerCompositeFilter$NestedFilterChain.doFilter(GeoServerCompositeFilter.java:68)
	at org.springframework.security.web.access.intercept.AuthorizationFilter.doFilter(AuthorizationFilter.java:100)
	at org.geoserver.security.filter.GeoServerCompositeFilter$NestedFilterChain.doFilter(GeoServerCompositeFilter.java:72)
	at org.geoserver.security.filter.GeoServerCompositeFilter.doFilter(GeoServerCompositeFilter.java:89)
	at org.springframework.security.web.FilterChainProxy$VirtualFilterChain.doFilter(FilterChainProxy.java:361)
	at org.geoserver.security.filter.GeoServerCompositeFilter$NestedFilterChain.doFilter(GeoServerCompositeFilter.java:68)
	at org.springframework.security.web.access.ExceptionTranslationFilter.doFilter(ExceptionTranslationFilter.java:126)
	at org.springframework.security.web.access.ExceptionTranslationFilter.doFilter(ExceptionTranslationFilter.java:120)
	at org.geoserver.security.filter.GeoServerCompositeFilter$NestedFilterChain.doFilter(GeoServerCompositeFilter.java:72)
	at org.geoserver.security.filter.GeoServerCompositeFilter.doFilter(GeoServerCompositeFilter.java:89)
	at org.springframework.security.web.FilterChainProxy$VirtualFilterChain.doFilter(FilterChainProxy.java:361)
	at org.geoserver.security.filter.GeoServerAnonymousAuthenticationFilter.doFilter(GeoServerAnonymousAuthenticationFilter.java:52)
	at org.springframework.security.web.FilterChainProxy$VirtualFilterChain.doFilter(FilterChainProxy.java:361)
	at org.geoserver.security.filter.GeoServerCompositeFilter$NestedFilterChain.doFilter(GeoServerCompositeFilter.java:68)
	at org.springframework.security.web.authentication.www.BasicAuthenticationFilter.doFilterInternal(BasicAuthenticationFilter.java:168)
	at org.springframework.web.filter.OncePerRequestFilter.doFilter(OncePerRequestFilter.java:117)
	at org.geoserver.security.filter.GeoServerCompositeFilter$NestedFilterChain.doFilter(GeoServerCompositeFilter.java:72)
	at org.geoserver.security.filter.GeoServerCompositeFilter.doFilter(GeoServerCompositeFilter.java:89)
	at org.geoserver.security.filter.GeoServerBasicAuthenticationFilter.doFilter(GeoServerBasicAuthenticationFilter.java:80)
	at org.springframework.security.web.FilterChainProxy$VirtualFilterChain.doFilter(FilterChainProxy.java:361)
	at org.geoserver.security.filter.GeoServerCompositeFilter$NestedFilterChain.doFilter(GeoServerCompositeFilter.java:68)
	at org.geoserver.security.filter.GeoServerSecurityContextPersistenceFilter$1.doFilterInternal(GeoServerSecurityContextPersistenceFilter.java:66)
	at org.springframework.web.filter.OncePerRequestFilter.doFilter(OncePerRequestFilter.java:117)
	at org.geoserver.security.filter.GeoServerCompositeFilter$NestedFilterChain.doFilter(GeoServerCompositeFilter.java:72)
	at org.geoserver.security.filter.GeoServerCompositeFilter.doFilter(GeoServerCompositeFilter.java:89)
	at org.springframework.security.web.FilterChainProxy$VirtualFilterChain.doFilter(FilterChainProxy.java:361)
	at org.springframework.security.web.FilterChainProxy.doFilterInternal(FilterChainProxy.java:225)
	at org.springframework.security.web.FilterChainProxy.doFilter(FilterChainProxy.java:190)
	at org.geoserver.security.GeoServerSecurityFilterChainProxy.doFilter(GeoServerSecurityFilterChainProxy.java:139)
	at org.springframework.web.filter.DelegatingFilterProxy.invokeDelegate(DelegatingFilterProxy.java:354)
	at org.springframework.web.filter.DelegatingFilterProxy.doFilter(DelegatingFilterProxy.java:267)
	at org.apache.catalina.core.ApplicationFilterChain.internalDoFilter(ApplicationFilterChain.java:168)
	at org.apache.catalina.core.ApplicationFilterChain.doFilter(ApplicationFilterChain.java:144)
	at org.geoserver.filters.XFrameOptionsFilter.doFilter(XFrameOptionsFilter.java:108)
	at org.apache.catalina.core.ApplicationFilterChain.internalDoFilter(ApplicationFilterChain.java:168)
	at org.apache.catalina.core.ApplicationFilterChain.doFilter(ApplicationFilterChain.java:144)
	at org.geoserver.filters.GZIPFilter.doFilter(GZIPFilter.java:53)
	at org.apache.catalina.core.ApplicationFilterChain.internalDoFilter(ApplicationFilterChain.java:168)
	at org.apache.catalina.core.ApplicationFilterChain.doFilter(ApplicationFilterChain.java:144)
	at org.geoserver.filters.SessionDebugFilter.doFilter(SessionDebugFilter.java:48)
	at org.apache.catalina.core.ApplicationFilterChain.internalDoFilter(ApplicationFilterChain.java:168)
	at org.apache.catalina.core.ApplicationFilterChain.doFilter(ApplicationFilterChain.java:144)
	at org.geoserver.filters.FlushSafeFilter.doFilter(FlushSafeFilter.java:42)
	at org.apache.catalina.core.ApplicationFilterChain.internalDoFilter(ApplicationFilterChain.java:168)
	at org.apache.catalina.core.ApplicationFilterChain.doFilter(ApplicationFilterChain.java:144)
	at org.springframework.web.filter.CharacterEncodingFilter.doFilterInternal(CharacterEncodingFilter.java:201)
	at org.springframework.web.filter.OncePerRequestFilter.doFilter(OncePerRequestFilter.java:117)
	at org.apache.catalina.core.ApplicationFilterChain.internalDoFilter(ApplicationFilterChain.java:168)
	at org.apache.catalina.core.ApplicationFilterChain.doFilter(ApplicationFilterChain.java:144)
	at org.apache.catalina.core.StandardWrapperValve.invoke(StandardWrapperValve.java:168)
	at org.apache.catalina.core.StandardContextValve.invoke(StandardContextValve.java:90)
	at org.apache.catalina.authenticator.AuthenticatorBase.invoke(AuthenticatorBase.java:482)
	at org.apache.catalina.core.StandardHostValve.invoke(StandardHostValve.java:130)
	at org.apache.catalina.valves.ErrorReportValve.invoke(ErrorReportValve.java:93)
	at org.apache.catalina.valves.AbstractAccessLogValve.invoke(AbstractAccessLogValve.java:660)
	at org.apache.catalina.core.StandardEngineValve.invoke(StandardEngineValve.java:74)
	at org.apache.catalina.connector.CoyoteAdapter.service(CoyoteAdapter.java:346)
	at org.apache.coyote.http11.Http11Processor.service(Http11Processor.java:396)
	at org.apache.coyote.AbstractProcessorLight.process(AbstractProcessorLight.java:63)
	at org.apache.coyote.AbstractProtocol$ConnectionHandler.process(AbstractProtocol.java:937)
	at org.apache.tomcat.util.net.NioEndpoint$SocketProcessor.doRun(NioEndpoint.java:1791)
	at org.apache.tomcat.util.net.SocketProcessorBase.run(SocketProcessorBase.java:52)
	at org.apache.tomcat.util.threads.ThreadPoolExecutor.runWorker(ThreadPoolExecutor.java:1190)
	at org.apache.tomcat.util.threads.ThreadPoolExecutor$Worker.run(ThreadPoolExecutor.java:659)
	at org.apache.tomcat.util.threads.TaskThread$WrappingRunnable.run(TaskThread.java:63)
	at java.base/java.lang.Thread.run(Thread.java:840)
24 May 21:43:07 INFO   [geoserver.wfs] - 
Request: getServiceInfo
24 May 21:43:07 INFO   [geoserver.wfs] - 
Request: getFeature
    service = WFS
    version = 1.0.0
    baseUrl = http://localhost:8000/geoserver/
    query[0]:
        typeName[0] = {http://www.opengeospatial.net/cite}ft_bus_stop
    outputFormat = application/json
    resultType = results
24 May 21:43:19 INFO   [geoserver.wfs] - 
Request: getServiceInfo
24 May 21:43:19 INFO   [geoserver.wfs] - 
Request: getFeature
    service = WFS
    version = 1.0.0
    baseUrl = http://localhost:8000/geoserver/
    query[0]:
        typeName[0] = {http://www.opengeospatial.net/cite}ft_bus_stop
    outputFormat = application/json
    resultType = results
